TN:
SF:app.js
FN:12,createServer
FN:30,(anonymous_1)
FN:39,(anonymous_2)
FN:42,(anonymous_3)
FN:45,(anonymous_4)
FNF:5
FNH:1
FNDA:2,createServer
FNDA:0,(anonymous_1)
FNDA:0,(anonymous_2)
FNDA:0,(anonymous_3)
FNDA:0,(anonymous_4)
DA:2,2
DA:3,2
DA:4,2
DA:5,2
DA:6,2
DA:8,2
DA:9,2
DA:10,2
DA:13,2
DA:16,2
DA:17,2
DA:18,2
DA:19,2
DA:22,2
DA:23,2
DA:26,2
DA:27,2
DA:30,2
DA:31,0
DA:34,2
DA:37,2
DA:38,0
DA:39,0
DA:40,0
DA:41,0
DA:42,0
DA:43,0
DA:46,0
DA:47,0
DA:51,2
LF:30
LH:21
BRDA:9,0,0,2
BRDA:9,0,1,0
BRDA:10,1,0,2
BRDA:10,1,1,0
BRDA:31,2,0,0
BRDA:31,2,1,0
BRDA:37,3,0,0
BRDA:37,3,1,2
BRF:8
BRH:3
end_of_record
TN:
SF:models\booking.js
FNF:0
FNH:0
DA:1,2
DA:3,2
DA:15,2
LF:3
LH:3
BRF:0
BRH:0
end_of_record
TN:
SF:routes\booking.js
FN:10,(anonymous_0)
FN:24,(anonymous_1)
FNF:2
FNH:2
FNDA:2,(anonymous_0)
FNDA:5,(anonymous_1)
DA:1,2
DA:2,2
DA:3,2
DA:4,2
DA:5,2
DA:6,2
DA:7,2
DA:10,2
DA:11,2
DA:12,2
DA:13,1
DA:16,1
DA:24,2
DA:25,5
DA:27,5
DA:29,5
DA:30,5
DA:33,5
DA:34,2
DA:41,3
DA:42,1
DA:49,2
DA:50,1
DA:57,1
DA:58,0
DA:65,1
DA:67,1
DA:68,1
DA:80,1
DA:83,1
DA:86,1
DA:87,1
DA:88,0
DA:91,1
DA:92,1
DA:95,1
DA:96,0
DA:97,0
DA:101,1
DA:104,0
DA:106,0
DA:107,0
DA:114,0
DA:118,2
LF:44
LH:36
BRDA:12,0,0,1
BRDA:12,0,1,1
BRDA:30,1,0,5
BRDA:30,1,1,1
BRDA:33,2,0,2
BRDA:33,2,1,3
BRDA:33,3,0,5
BRDA:33,3,1,4
BRDA:33,3,2,4
BRDA:33,3,3,4
BRDA:33,3,4,4
BRDA:33,3,5,3
BRDA:33,3,6,3
BRDA:33,3,7,3
BRDA:41,4,0,1
BRDA:41,4,1,2
BRDA:49,5,0,1
BRDA:49,5,1,1
BRDA:57,6,0,0
BRDA:57,6,1,1
BRDA:57,7,0,1
BRDA:57,7,1,1
BRDA:87,8,0,0
BRDA:87,8,1,1
BRDA:95,9,0,0
BRDA:95,9,1,1
BRDA:106,10,0,0
BRDA:106,10,1,0
BRF:28
BRH:23
end_of_record
TN:
SF:routes\index.js
FN:4,(anonymous_0)
FN:8,(anonymous_1)
FN:12,(anonymous_2)
FN:16,(anonymous_3)
FN:20,(anonymous_4)
FN:30,(anonymous_5)
FNF:6
FNH:4
FNDA:1,(anonymous_0)
FNDA:1,(anonymous_1)
FNDA:1,(anonymous_2)
FNDA:0,(anonymous_3)
FNDA:0,(anonymous_4)
FNDA:1,(anonymous_5)
DA:1,2
DA:2,2
DA:4,2
DA:5,1
DA:8,2
DA:9,1
DA:12,2
DA:13,1
DA:16,2
DA:17,0
DA:20,2
DA:21,0
DA:22,0
DA:30,2
DA:31,1
DA:34,2
LF:16
LH:13
BRF:0
BRH:0
end_of_record
TN:
SF:utils\mailer.js
FN:13,sendEmailWithPDF
FNF:1
FNH:0
FNDA:0,sendEmailWithPDF
DA:2,2
DA:5,2
DA:14,0
DA:28,0
DA:31,2
LF:5
LH:3
BRDA:8,0,0,2
BRDA:8,0,1,0
BRDA:9,1,0,2
BRDA:9,1,1,0
BRF:4
BRH:2
end_of_record
TN:
SF:utils\pdfGenerator.js
FN:6,generateReceiptPDF
FNF:1
FNH:1
FNDA:1,generateReceiptPDF
DA:1,2
DA:2,2
DA:3,2
DA:4,2
DA:7,1
DA:10,1
DA:11,1
DA:12,1
DA:15,1
DA:21,1
DA:22,1
DA:23,1
DA:25,1
DA:31,1
DA:32,1
DA:35,2
LF:16
LH:16
BRF:0
BRH:0
end_of_record
